#
# There is insufficient memory for the Java Runtime Environment to continue.
# Native memory allocation (malloc) failed to allocate 747376 bytes. Error detail: Chunk::new
# Possible reasons:
#   The system is out of physical RAM or swap space
#   This process is running with CompressedOops enabled, and the Java Heap may be blocking the growth of the native heap
# Possible solutions:
#   Reduce memory load on the system
#   Increase physical memory or swap space
#   Check if swap backing store is full
#   Decrease Java heap size (-Xmx/-Xms)
#   Decrease number of Java threads
#   Decrease Java thread stack sizes (-Xss)
#   Set larger code cache with -XX:ReservedCodeCacheSize=
#   JVM is running with Unscaled Compressed Oops mode in which the Java heap is
#     placed in the first 4GB address space. The Java Heap base address is the
#     maximum limit for the native heap growth. Please use -XX:HeapBaseMinAddress
#     to set the Java Heap base and to place the Java Heap above 4GB virtual address.
# This output file may be truncated or incomplete.
#
#  Out of Memory Error (arena.cpp:191), pid=3368, tid=9420
#
# JRE version: OpenJDK Runtime Environment Temurin-17.0.12+7 (17.0.12+7) (build 17.0.12+7)
# Java VM: OpenJDK 64-Bit Server VM Temurin-17.0.12+7 (17.0.12+7, mixed mode, tiered, compressed oops, compressed class ptrs, parallel gc, windows-amd64)
# No core dump will be written. Minidumps are not enabled by default on client versions of Windows
#

---------------  S U M M A R Y ------------

Command Line: --add-modules=ALL-SYSTEM --add-opens=java.base/java.util=ALL-UNNAMED --add-opens=java.base/java.lang=ALL-UNNAMED --add-opens=java.base/sun.nio.fs=ALL-UNNAMED -Declipse.application=org.eclipse.jdt.ls.core.id1 -Dosgi.bundles.defaultStartLevel=4 -Declipse.product=org.eclipse.jdt.ls.core.product -Djava.import.generatesMetadataFilesAtProjectRoot=false -DDetectVMInstallationsJob.disabled=true -Dfile.encoding=utf8 -XX:+UseParallelGC -XX:GCTimeRatio=4 -XX:AdaptiveSizePolicyWeight=90 -Dsun.zip.disableMemoryMapping=true -Xmx1G -Xms100m -Xlog:disable -javaagent:c:\Users\user\.vscode\extensions\redhat.java-1.34.0-win32-x64\lombok\lombok-1.18.33.jar c:\Users\user\.vscode\extensions\redhat.java-1.34.0-win32-x64\server\plugins\org.eclipse.equinox.launcher_1.6.900.v20240613-2009.jar -configuration c:\Users\user\AppData\Roaming\Code\User\globalStorage\redhat.java\1.34.0\config_ss_win -data c:\Users\user\AppData\Roaming\Code\User\workspaceStorage\d93861b91299025a167e8984eb3b24b5\redhat.java\ss_ws --pipe=\\.\pipe\lsp-21f3822a68770a58c2d05211d2818154-sock

Host: 11th Gen Intel(R) Core(TM) i5-1135G7 @ 2.40GHz, 8 cores, 7G,  Windows 11 , 64 bit Build 22621 (10.0.22621.3958)
Time: Sun Sep 22 08:45:55 2024 Nepal Standard Time elapsed time: 4.171114 seconds (0d 0h 0m 4s)

---------------  T H R E A D  ---------------

Current thread (0x0000026f86f43e00):  JavaThread "C2 CompilerThread0" daemon [_thread_in_native, id=9420, stack(0x000000fc71700000,0x000000fc71800000)]


Current CompileTask:
C2:   4171 3650  s    4       jdk.internal.jimage.ImageReader$SharedImageReader::findNode (36 bytes)

Stack: [0x000000fc71700000,0x000000fc71800000]
Native frames: (J=compiled Java code, j=interpreted, Vv=VM code, C=native code)
V  [jvm.dll+0x67f929]
V  [jvm.dll+0x8371ba]
V  [jvm.dll+0x838c7e]
V  [jvm.dll+0x8392e3]
V  [jvm.dll+0x24834f]
V  [jvm.dll+0xac9d4]
V  [jvm.dll+0xad01c]
V  [jvm.dll+0x367452]
V  [jvm.dll+0x33197a]
V  [jvm.dll+0x330e1a]
V  [jvm.dll+0x21a8b1]
V  [jvm.dll+0x219cf1]
V  [jvm.dll+0x1a58bd]
V  [jvm.dll+0x229a2d]
V  [jvm.dll+0x227bdc]
V  [jvm.dll+0x7ec1f7]
V  [jvm.dll+0x7e65dc]
V  [jvm.dll+0x67e7f7]
C  [ucrtbase.dll+0x29333]
C  [KERNEL32.DLL+0x1257d]
C  [ntdll.dll+0x5af28]


---------------  P R O C E S S  ---------------

Threads class SMR info:
_java_thread_list=0x0000026f890e0620, length=35, elements={
0x0000026fedd7b150, 0x0000026fffc0b9e0, 0x0000026fffc0dc60, 0x0000026f86f3d320,
0x0000026f86f3dbf0, 0x0000026f86f3e6c0, 0x0000026f86f410a0, 0x0000026f86f43e00,
0x0000026f86f456b0, 0x0000026f86f48e50, 0x0000026fedddfc40, 0x0000026f872491d0,
0x0000026f888ae010, 0x0000026f889647e0, 0x0000026f88751aa0, 0x0000026f8887ea10,
0x0000026f888544c0, 0x0000026f88b55ed0, 0x0000026f88b54fa0, 0x0000026f88b559c0,
0x0000026f88b568f0, 0x0000026f88b56e00, 0x0000026f88b54070, 0x0000026f88b57310,
0x0000026f88b554b0, 0x0000026f88b54580, 0x0000026f88b57820, 0x0000026f88b54a90,
0x0000026f894d69e0, 0x0000026f894d3c50, 0x0000026f894d5ab0, 0x0000026f894d4b80,
0x0000026f894d7910, 0x0000026f894d2d20, 0x0000026f89d944e0
}

Java Threads: ( => current thread )
  0x0000026fedd7b150 JavaThread "main" [_thread_blocked, id=15096, stack(0x000000fc70e00000,0x000000fc70f00000)]
  0x0000026fffc0b9e0 JavaThread "Reference Handler" daemon [_thread_blocked, id=3652, stack(0x000000fc71100000,0x000000fc71200000)]
  0x0000026fffc0dc60 JavaThread "Finalizer" daemon [_thread_blocked, id=16540, stack(0x000000fc71200000,0x000000fc71300000)]
  0x0000026f86f3d320 JavaThread "Signal Dispatcher" daemon [_thread_blocked, id=2680, stack(0x000000fc71300000,0x000000fc71400000)]
  0x0000026f86f3dbf0 JavaThread "Attach Listener" daemon [_thread_blocked, id=15940, stack(0x000000fc71400000,0x000000fc71500000)]
  0x0000026f86f3e6c0 JavaThread "Service Thread" daemon [_thread_blocked, id=6776, stack(0x000000fc71500000,0x000000fc71600000)]
  0x0000026f86f410a0 JavaThread "Monitor Deflation Thread" daemon [_thread_blocked, id=14360, stack(0x000000fc71600000,0x000000fc71700000)]
=>0x0000026f86f43e00 JavaThread "C2 CompilerThread0" daemon [_thread_in_native, id=9420, stack(0x000000fc71700000,0x000000fc71800000)]
  0x0000026f86f456b0 JavaThread "C1 CompilerThread0" daemon [_thread_blocked, id=18356, stack(0x000000fc71800000,0x000000fc71900000)]
  0x0000026f86f48e50 JavaThread "Sweeper thread" daemon [_thread_blocked, id=18012, stack(0x000000fc71900000,0x000000fc71a00000)]
  0x0000026fedddfc40 JavaThread "Common-Cleaner" daemon [_thread_blocked, id=11248, stack(0x000000fc71a00000,0x000000fc71b00000)]
  0x0000026f872491d0 JavaThread "Notification Thread" daemon [_thread_blocked, id=8472, stack(0x000000fc71b00000,0x000000fc71c00000)]
  0x0000026f888ae010 JavaThread "Active Thread: Equinox Container: 2e611886-b5e9-47cc-ba73-4074ed0f075f" [_thread_blocked, id=11332, stack(0x000000fc72500000,0x000000fc72600000)]
  0x0000026f889647e0 JavaThread "Framework Event Dispatcher: Equinox Container: 2e611886-b5e9-47cc-ba73-4074ed0f075f" daemon [_thread_blocked, id=13060, stack(0x000000fc72600000,0x000000fc72700000)]
  0x0000026f88751aa0 JavaThread "Start Level: Equinox Container: 2e611886-b5e9-47cc-ba73-4074ed0f075f" daemon [_thread_blocked, id=9776, stack(0x000000fc72700000,0x000000fc72800000)]
  0x0000026f8887ea10 JavaThread "SCR Component Actor" daemon [_thread_blocked, id=20072, stack(0x000000fc72800000,0x000000fc72900000)]
  0x0000026f888544c0 JavaThread "SCR Component Registry" daemon [_thread_blocked, id=4336, stack(0x000000fc72a00000,0x000000fc72b00000)]
  0x0000026f88b55ed0 JavaThread "Worker-JM" [_thread_blocked, id=6668, stack(0x000000fc71d00000,0x000000fc71e00000)]
  0x0000026f88b54fa0 JavaThread "Worker-0" [_thread_blocked, id=19684, stack(0x000000fc71e00000,0x000000fc71f00000)]
  0x0000026f88b559c0 JavaThread "Worker-1: Building" [_thread_in_Java, id=14180, stack(0x000000fc72b00000,0x000000fc72c00000)]
  0x0000026f88b568f0 JavaThread "JNA Cleaner" daemon [_thread_blocked, id=14656, stack(0x000000fc72d00000,0x000000fc72e00000)]
  0x0000026f88b56e00 JavaThread "Thread-2" daemon [_thread_in_native, id=9056, stack(0x000000fc72e00000,0x000000fc72f00000)]
  0x0000026f88b54070 JavaThread "Thread-3" daemon [_thread_in_native, id=15452, stack(0x000000fc72f00000,0x000000fc73000000)]
  0x0000026f88b57310 JavaThread "Thread-4" daemon [_thread_in_native, id=11932, stack(0x000000fc73000000,0x000000fc73100000)]
  0x0000026f88b554b0 JavaThread "Thread-5" daemon [_thread_in_native, id=16664, stack(0x000000fc73100000,0x000000fc73200000)]
  0x0000026f88b54580 JavaThread "Thread-6" daemon [_thread_in_native, id=13892, stack(0x000000fc73200000,0x000000fc73300000)]
  0x0000026f88b57820 JavaThread "Thread-7" daemon [_thread_in_native, id=7324, stack(0x000000fc73300000,0x000000fc73400000)]
  0x0000026f88b54a90 JavaThread "Thread-8" daemon [_thread_in_native, id=1092, stack(0x000000fc73400000,0x000000fc73500000)]
  0x0000026f894d69e0 JavaThread "Thread-9" daemon [_thread_in_native, id=2220, stack(0x000000fc73500000,0x000000fc73600000)]
  0x0000026f894d3c50 JavaThread "Thread-10" daemon [_thread_in_native, id=7336, stack(0x000000fc73600000,0x000000fc73700000)]
  0x0000026f894d5ab0 JavaThread "pool-2-thread-1" [_thread_blocked, id=17344, stack(0x000000fc73700000,0x000000fc73800000)]
  0x0000026f894d4b80 JavaThread "Worker-2" [_thread_blocked, id=13112, stack(0x000000fc73800000,0x000000fc73900000)]
  0x0000026f894d7910 JavaThread "WorkspaceEventsHandler" [_thread_blocked, id=17204, stack(0x000000fc73900000,0x000000fc73a00000)]
  0x0000026f894d2d20 JavaThread "pool-1-thread-1" [_thread_in_Java, id=8496, stack(0x000000fc73a00000,0x000000fc73b00000)]
  0x0000026f89d944e0 JavaThread "C2 CompilerThread1" daemon [_thread_in_native, id=19012, stack(0x000000fc72c00000,0x000000fc72d00000)]

Other Threads:
  0x0000026fffc08e20 VMThread "VM Thread" [stack: 0x000000fc71000000,0x000000fc71100000] [id=14944]
  0x0000026f8724a9f0 WatcherThread [stack: 0x000000fc71c00000,0x000000fc71d00000] [id=14644]
  0x0000026fedd924e0 GCTaskThread "GC Thread#0" [stack: 0x000000fc70f00000,0x000000fc71000000] [id=14976]
  0x0000026f886a6510 GCTaskThread "GC Thread#1" [stack: 0x000000fc71f00000,0x000000fc72000000] [id=3236]
  0x0000026f88674770 GCTaskThread "GC Thread#2" [stack: 0x000000fc72000000,0x000000fc72100000] [id=1528]
  0x0000026f88674e30 GCTaskThread "GC Thread#3" [stack: 0x000000fc72100000,0x000000fc72200000] [id=19640]
  0x0000026f886750f0 GCTaskThread "GC Thread#4" [stack: 0x000000fc72200000,0x000000fc72300000] [id=16044]
  0x0000026f8865f020 GCTaskThread "GC Thread#5" [stack: 0x000000fc72300000,0x000000fc72400000] [id=4220]
  0x0000026f8865faf0 GCTaskThread "GC Thread#6" [stack: 0x000000fc72400000,0x000000fc72500000] [id=9436]
  0x0000026f87f62020 GCTaskThread "GC Thread#7" [stack: 0x000000fc72900000,0x000000fc72a00000] [id=14128]

Threads with active compile tasks:
C2 CompilerThread0     4198 3650  s    4       jdk.internal.jimage.ImageReader$SharedImageReader::findNode (36 bytes)
C2 CompilerThread1     4199 3673       4       jdk.internal.jrtfs.JrtFileSystem::checkNode (40 bytes)

VM state: not at safepoint (normal execution)

VM Mutex/Monitor currently owned by a thread: None

Heap address: 0x00000000c0000000, size: 1024 MB, Compressed Oops mode: 32-bit

CDS archive(s) not mapped
Compressed class space mapped at: 0x0000000100000000-0x0000000140000000, reserved size: 1073741824
Narrow klass base: 0x0000000000000000, Narrow klass shift: 3, Narrow klass range: 0x140000000

GC Precious Log:
 CPUs: 8 total, 8 available
 Memory: 7914M
 Large Page Support: Disabled
 NUMA Support: Disabled
 Compressed Oops: Enabled (32-bit)
 Alignments: Space 512K, Generation 512K, Heap 2M
 Heap Min Capacity: 100M
 Heap Initial Capacity: 100M
 Heap Max Capacity: 1G
 Pre-touch: Disabled
 Parallel Workers: 8

Heap:
 PSYoungGen      total 25088K, used 9006K [0x00000000eab00000, 0x00000000ec780000, 0x0000000100000000)
  eden space 23040K, 31% used [0x00000000eab00000,0x00000000eb221a50,0x00000000ec180000)
  from space 2048K, 83% used [0x00000000ec580000,0x00000000ec72a0d0,0x00000000ec780000)
  to   space 2560K, 0% used [0x00000000ec280000,0x00000000ec280000,0x00000000ec500000)
 ParOldGen       total 68608K, used 12582K [0x00000000c0000000, 0x00000000c4300000, 0x00000000eab00000)
  object space 68608K, 18% used [0x00000000c0000000,0x00000000c0c49bf8,0x00000000c4300000)
 Metaspace       used 38303K, committed 38976K, reserved 1114112K
  class space    used 3882K, committed 4160K, reserved 1048576K

Card table byte_map: [0x0000026fed710000,0x0000026fed920000] _byte_map_base: 0x0000026fed110000

Marking Bits: (ParMarkBitMap*) 0x00007ffdc0f658b0
 Begin Bits: [0x0000026f80000000, 0x0000026f81000000)
 End Bits:   [0x0000026f81000000, 0x0000026f82000000)

Polling page: 0x0000026febd00000

Metaspace:

Usage:
  Non-class:     33.62 MB used.
      Class:      3.79 MB used.
       Both:     37.41 MB used.

Virtual space:
  Non-class space:       64.00 MB reserved,      34.00 MB ( 53%) committed,  1 nodes.
      Class space:        1.00 GB reserved,       4.06 MB ( <1%) committed,  1 nodes.
             Both:        1.06 GB reserved,      38.06 MB (  3%) committed. 

Chunk freelists:
   Non-Class:  13.98 MB
       Class:  11.84 MB
        Both:  25.82 MB

MaxMetaspaceSize: unlimited
CompressedClassSpaceSize: 1.00 GB
Initial GC threshold: 21.00 MB
Current GC threshold: 58.38 MB
CDS: off
MetaspaceReclaimPolicy: balanced
 - commit_granule_bytes: 65536.
 - commit_granule_words: 8192.
 - virtual_space_node_default_size: 8388608.
 - enlarge_chunks_in_place: 1.
 - new_chunks_are_fully_committed: 0.
 - uncommit_free_chunks: 1.
 - use_allocation_guard: 0.
 - handle_deallocations: 1.


Internal statistics:

num_allocs_failed_limit: 6.
num_arena_births: 382.
num_arena_deaths: 14.
num_vsnodes_births: 2.
num_vsnodes_deaths: 0.
num_space_committed: 609.
num_space_uncommitted: 0.
num_chunks_returned_to_freelist: 20.
num_chunks_taken_from_freelist: 1561.
num_chunk_merges: 11.
num_chunk_splits: 1023.
num_chunks_enlarged: 683.
num_inconsistent_stats: 0.

CodeHeap 'non-profiled nmethods': size=120000Kb used=1622Kb max_used=1622Kb free=118378Kb
 bounds [0x0000026ff84e0000, 0x0000026ff8750000, 0x0000026fffa10000]
CodeHeap 'profiled nmethods': size=120000Kb used=7483Kb max_used=7483Kb free=112516Kb
 bounds [0x0000026ff0a10000, 0x0000026ff1160000, 0x0000026ff7f40000]
CodeHeap 'non-nmethods': size=5760Kb used=1301Kb max_used=1342Kb free=4459Kb
 bounds [0x0000026ff7f40000, 0x0000026ff81b0000, 0x0000026ff84e0000]
 total_blobs=4325 nmethods=3708 adapters=531
 compilation: enabled
              stopped_count=0, restarted_count=0
 full_count=0

Compilation events (20 events):
Event: 4.147 Thread 0x0000026f86f456b0 nmethod 3699 0x0000026ff1151890 code [0x0000026ff1151a40, 0x0000026ff1151cf8]
Event: 4.147 Thread 0x0000026f86f456b0 3696       3       org.eclipse.jdt.internal.compiler.util.JrtFileSystem$2::visitFile (10 bytes)
Event: 4.147 Thread 0x0000026f86f456b0 nmethod 3696 0x0000026ff1151e10 code [0x0000026ff1151fc0, 0x0000026ff1152208]
Event: 4.147 Thread 0x0000026f86f456b0 3697       3       org.eclipse.jdt.internal.compiler.util.JrtFileSystem$2::visitFile (72 bytes)
Event: 4.147 Thread 0x0000026f86f456b0 nmethod 3697 0x0000026ff1152310 code [0x0000026ff1152520, 0x0000026ff1152c68]
Event: 4.147 Thread 0x0000026f86f456b0 3702       3       jdk.internal.jimage.ImageLocation::buildName (128 bytes)
Event: 4.148 Thread 0x0000026f86f456b0 nmethod 3702 0x0000026ff1152e90 code [0x0000026ff11531e0, 0x0000026ff1154158]
Event: 4.148 Thread 0x0000026f86f456b0 3703       3       jdk.internal.jimage.ImageReader$Resource::create (17 bytes)
Event: 4.149 Thread 0x0000026f86f456b0 nmethod 3703 0x0000026ff1154690 code [0x0000026ff11548a0, 0x0000026ff1154fd8]
Event: 4.153 Thread 0x0000026f86f456b0 3704       3       org.eclipse.jdt.internal.compiler.util.JrtFileSystem$2::preVisitDirectory (136 bytes)
Event: 4.154 Thread 0x0000026f86f456b0 nmethod 3704 0x0000026ff1155310 code [0x0000026ff1155580, 0x0000026ff1156048]
Event: 4.154 Thread 0x0000026f86f456b0 3705       3       org.eclipse.jdt.internal.compiler.util.JrtFileSystem$2::preVisitDirectory (10 bytes)
Event: 4.154 Thread 0x0000026f86f456b0 nmethod 3705 0x0000026ff1156310 code [0x0000026ff11564c0, 0x0000026ff1156708]
Event: 4.155 Thread 0x0000026f86f456b0 3707   !   3       java.nio.file.FileTreeWalker::pop (35 bytes)
Event: 4.156 Thread 0x0000026f86f456b0 nmethod 3707 0x0000026ff1156810 code [0x0000026ff1156a20, 0x0000026ff1157048]
Event: 4.165 Thread 0x0000026f86f456b0 3709       3       java.lang.invoke.MethodHandles$Lookup::getDirectMethodForConstant (72 bytes)
Event: 4.167 Thread 0x0000026f86f456b0 nmethod 3709 0x0000026ff1157290 code [0x0000026ff11575e0, 0x0000026ff11588a8]
Event: 4.167 Thread 0x0000026f86f456b0 3710       3       org.eclipse.jdt.internal.core.JavaModelManager::getJavaModelManager (4 bytes)
Event: 4.167 Thread 0x0000026f86f456b0 nmethod 3710 0x0000026ff1158f10 code [0x0000026ff11590a0, 0x0000026ff1159198]
Event: 4.169 Thread 0x0000026f86f456b0 3711       3       java.lang.invoke.MethodHandles$Lookup::resolveOrFail (44 bytes)

GC Heap History (20 events):
Event: 1.705 GC heap before
{Heap before GC invocations=3 (full 0):
 PSYoungGen      total 29696K, used 29683K [0x00000000eab00000, 0x00000000ecc00000, 0x0000000100000000)
  eden space 25600K, 100% used [0x00000000eab00000,0x00000000ec400000,0x00000000ec400000)
  from space 4096K, 99% used [0x00000000ec800000,0x00000000ecbfcfa0,0x00000000ecc00000)
  to   space 4096K, 0% used [0x00000000ec400000,0x00000000ec400000,0x00000000ec800000)
 ParOldGen       total 68608K, used 777K [0x00000000c0000000, 0x00000000c4300000, 0x00000000eab00000)
  object space 68608K, 1% used [0x00000000c0000000,0x00000000c00c2530,0x00000000c4300000)
 Metaspace       used 19716K, committed 20160K, reserved 1114112K
  class space    used 2011K, committed 2176K, reserved 1048576K
}
Event: 1.711 GC heap after
{Heap after GC invocations=3 (full 0):
 PSYoungGen      total 29696K, used 4073K [0x00000000eab00000, 0x00000000ecc00000, 0x0000000100000000)
  eden space 25600K, 0% used [0x00000000eab00000,0x00000000eab00000,0x00000000ec400000)
  from space 4096K, 99% used [0x00000000ec400000,0x00000000ec7fa760,0x00000000ec800000)
  to   space 4096K, 0% used [0x00000000ec800000,0x00000000ec800000,0x00000000ecc00000)
 ParOldGen       total 68608K, used 2704K [0x00000000c0000000, 0x00000000c4300000, 0x00000000eab00000)
  object space 68608K, 3% used [0x00000000c0000000,0x00000000c02a4280,0x00000000c4300000)
 Metaspace       used 19716K, committed 20160K, reserved 1114112K
  class space    used 2011K, committed 2176K, reserved 1048576K
}
Event: 1.822 GC heap before
{Heap before GC invocations=4 (full 0):
 PSYoungGen      total 29696K, used 11721K [0x00000000eab00000, 0x00000000ecc00000, 0x0000000100000000)
  eden space 25600K, 29% used [0x00000000eab00000,0x00000000eb278060,0x00000000ec400000)
  from space 4096K, 99% used [0x00000000ec400000,0x00000000ec7fa760,0x00000000ec800000)
  to   space 4096K, 0% used [0x00000000ec800000,0x00000000ec800000,0x00000000ecc00000)
 ParOldGen       total 68608K, used 2704K [0x00000000c0000000, 0x00000000c4300000, 0x00000000eab00000)
  object space 68608K, 3% used [0x00000000c0000000,0x00000000c02a4280,0x00000000c4300000)
 Metaspace       used 21093K, committed 21504K, reserved 1114112K
  class space    used 2157K, committed 2368K, reserved 1048576K
}
Event: 1.825 GC heap after
{Heap after GC invocations=4 (full 0):
 PSYoungGen      total 29696K, used 4092K [0x00000000eab00000, 0x00000000ecc00000, 0x0000000100000000)
  eden space 25600K, 0% used [0x00000000eab00000,0x00000000eab00000,0x00000000ec400000)
  from space 4096K, 99% used [0x00000000ec800000,0x00000000ecbff3e8,0x00000000ecc00000)
  to   space 4096K, 0% used [0x00000000ec400000,0x00000000ec400000,0x00000000ec800000)
 ParOldGen       total 68608K, used 3088K [0x00000000c0000000, 0x00000000c4300000, 0x00000000eab00000)
  object space 68608K, 4% used [0x00000000c0000000,0x00000000c0304280,0x00000000c4300000)
 Metaspace       used 21093K, committed 21504K, reserved 1114112K
  class space    used 2157K, committed 2368K, reserved 1048576K
}
Event: 1.825 GC heap before
{Heap before GC invocations=5 (full 1):
 PSYoungGen      total 29696K, used 4092K [0x00000000eab00000, 0x00000000ecc00000, 0x0000000100000000)
  eden space 25600K, 0% used [0x00000000eab00000,0x00000000eab00000,0x00000000ec400000)
  from space 4096K, 99% used [0x00000000ec800000,0x00000000ecbff3e8,0x00000000ecc00000)
  to   space 4096K, 0% used [0x00000000ec400000,0x00000000ec400000,0x00000000ec800000)
 ParOldGen       total 68608K, used 3088K [0x00000000c0000000, 0x00000000c4300000, 0x00000000eab00000)
  object space 68608K, 4% used [0x00000000c0000000,0x00000000c0304280,0x00000000c4300000)
 Metaspace       used 21093K, committed 21504K, reserved 1114112K
  class space    used 2157K, committed 2368K, reserved 1048576K
}
Event: 1.845 GC heap after
{Heap after GC invocations=5 (full 1):
 PSYoungGen      total 29696K, used 0K [0x00000000eab00000, 0x00000000ecc00000, 0x0000000100000000)
  eden space 25600K, 0% used [0x00000000eab00000,0x00000000eab00000,0x00000000ec400000)
  from space 4096K, 0% used [0x00000000ec800000,0x00000000ec800000,0x00000000ecc00000)
  to   space 4096K, 0% used [0x00000000ec400000,0x00000000ec400000,0x00000000ec800000)
 ParOldGen       total 68608K, used 7036K [0x00000000c0000000, 0x00000000c4300000, 0x00000000eab00000)
  object space 68608K, 10% used [0x00000000c0000000,0x00000000c06df3c0,0x00000000c4300000)
 Metaspace       used 21080K, committed 21504K, reserved 1114112K
  class space    used 2153K, committed 2368K, reserved 1048576K
}
Event: 2.054 GC heap before
{Heap before GC invocations=6 (full 1):
 PSYoungGen      total 29696K, used 25600K [0x00000000eab00000, 0x00000000ecc00000, 0x0000000100000000)
  eden space 25600K, 100% used [0x00000000eab00000,0x00000000ec400000,0x00000000ec400000)
  from space 4096K, 0% used [0x00000000ec800000,0x00000000ec800000,0x00000000ecc00000)
  to   space 4096K, 0% used [0x00000000ec400000,0x00000000ec400000,0x00000000ec800000)
 ParOldGen       total 68608K, used 7036K [0x00000000c0000000, 0x00000000c4300000, 0x00000000eab00000)
  object space 68608K, 10% used [0x00000000c0000000,0x00000000c06df3c0,0x00000000c4300000)
 Metaspace       used 24098K, committed 24576K, reserved 1114112K
  class space    used 2361K, committed 2560K, reserved 1048576K
}
Event: 2.056 GC heap after
{Heap after GC invocations=6 (full 1):
 PSYoungGen      total 25600K, used 288K [0x00000000eab00000, 0x00000000ec880000, 0x0000000100000000)
  eden space 25088K, 0% used [0x00000000eab00000,0x00000000eab00000,0x00000000ec380000)
  from space 512K, 56% used [0x00000000ec400000,0x00000000ec448000,0x00000000ec480000)
  to   space 2048K, 0% used [0x00000000ec680000,0x00000000ec680000,0x00000000ec880000)
 ParOldGen       total 68608K, used 7044K [0x00000000c0000000, 0x00000000c4300000, 0x00000000eab00000)
  object space 68608K, 10% used [0x00000000c0000000,0x00000000c06e13c0,0x00000000c4300000)
 Metaspace       used 24098K, committed 24576K, reserved 1114112K
  class space    used 2361K, committed 2560K, reserved 1048576K
}
Event: 2.252 GC heap before
{Heap before GC invocations=7 (full 1):
 PSYoungGen      total 25600K, used 25376K [0x00000000eab00000, 0x00000000ec880000, 0x0000000100000000)
  eden space 25088K, 100% used [0x00000000eab00000,0x00000000ec380000,0x00000000ec380000)
  from space 512K, 56% used [0x00000000ec400000,0x00000000ec448000,0x00000000ec480000)
  to   space 2048K, 0% used [0x00000000ec680000,0x00000000ec680000,0x00000000ec880000)
 ParOldGen       total 68608K, used 7044K [0x00000000c0000000, 0x00000000c4300000, 0x00000000eab00000)
  object space 68608K, 10% used [0x00000000c0000000,0x00000000c06e13c0,0x00000000c4300000)
 Metaspace       used 26442K, committed 26944K, reserved 1114112K
  class space    used 2549K, committed 2752K, reserved 1048576K
}
Event: 2.254 GC heap after
{Heap after GC invocations=7 (full 1):
 PSYoungGen      total 26112K, used 1467K [0x00000000eab00000, 0x00000000ec800000, 0x0000000100000000)
  eden space 24576K, 0% used [0x00000000eab00000,0x00000000eab00000,0x00000000ec300000)
  from space 1536K, 95% used [0x00000000ec680000,0x00000000ec7eedb0,0x00000000ec800000)
  to   space 2048K, 0% used [0x00000000ec400000,0x00000000ec400000,0x00000000ec600000)
 ParOldGen       total 68608K, used 7834K [0x00000000c0000000, 0x00000000c4300000, 0x00000000eab00000)
  object space 68608K, 11% used [0x00000000c0000000,0x00000000c07a68d0,0x00000000c4300000)
 Metaspace       used 26442K, committed 26944K, reserved 1114112K
  class space    used 2549K, committed 2752K, reserved 1048576K
}
Event: 2.782 GC heap before
{Heap before GC invocations=8 (full 1):
 PSYoungGen      total 26112K, used 26043K [0x00000000eab00000, 0x00000000ec800000, 0x0000000100000000)
  eden space 24576K, 100% used [0x00000000eab00000,0x00000000ec300000,0x00000000ec300000)
  from space 1536K, 95% used [0x00000000ec680000,0x00000000ec7eedb0,0x00000000ec800000)
  to   space 2048K, 0% used [0x00000000ec400000,0x00000000ec400000,0x00000000ec600000)
 ParOldGen       total 68608K, used 7834K [0x00000000c0000000, 0x00000000c4300000, 0x00000000eab00000)
  object space 68608K, 11% used [0x00000000c0000000,0x00000000c07a68d0,0x00000000c4300000)
 Metaspace       used 30764K, committed 31296K, reserved 1114112K
  class space    used 2986K, committed 3200K, reserved 1048576K
}
Event: 2.784 GC heap after
{Heap after GC invocations=8 (full 1):
 PSYoungGen      total 26112K, used 2026K [0x00000000eab00000, 0x00000000eca80000, 0x0000000100000000)
  eden space 24064K, 0% used [0x00000000eab00000,0x00000000eab00000,0x00000000ec280000)
  from space 2048K, 98% used [0x00000000ec400000,0x00000000ec5fa890,0x00000000ec600000)
  to   space 4096K, 0% used [0x00000000ec680000,0x00000000ec680000,0x00000000eca80000)
 ParOldGen       total 68608K, used 9128K [0x00000000c0000000, 0x00000000c4300000, 0x00000000eab00000)
  object space 68608K, 13% used [0x00000000c0000000,0x00000000c08ea100,0x00000000c4300000)
 Metaspace       used 30764K, committed 31296K, reserved 1114112K
  class space    used 2986K, committed 3200K, reserved 1048576K
}
Event: 3.136 GC heap before
{Heap before GC invocations=9 (full 1):
 PSYoungGen      total 26112K, used 26090K [0x00000000eab00000, 0x00000000eca80000, 0x0000000100000000)
  eden space 24064K, 100% used [0x00000000eab00000,0x00000000ec280000,0x00000000ec280000)
  from space 2048K, 98% used [0x00000000ec400000,0x00000000ec5fa890,0x00000000ec600000)
  to   space 4096K, 0% used [0x00000000ec680000,0x00000000ec680000,0x00000000eca80000)
 ParOldGen       total 68608K, used 9128K [0x00000000c0000000, 0x00000000c4300000, 0x00000000eab00000)
  object space 68608K, 13% used [0x00000000c0000000,0x00000000c08ea100,0x00000000c4300000)
 Metaspace       used 34382K, committed 35008K, reserved 1114112K
  class space    used 3438K, committed 3648K, reserved 1048576K
}
Event: 3.139 GC heap after
{Heap after GC invocations=9 (full 1):
 PSYoungGen      total 27648K, used 3600K [0x00000000eab00000, 0x00000000eca80000, 0x0000000100000000)
  eden space 23552K, 0% used [0x00000000eab00000,0x00000000eab00000,0x00000000ec200000)
  from space 4096K, 87% used [0x00000000ec680000,0x00000000eca041b8,0x00000000eca80000)
  to   space 4096K, 0% used [0x00000000ec280000,0x00000000ec280000,0x00000000ec680000)
 ParOldGen       total 68608K, used 9136K [0x00000000c0000000, 0x00000000c4300000, 0x00000000eab00000)
  object space 68608K, 13% used [0x00000000c0000000,0x00000000c08ec100,0x00000000c4300000)
 Metaspace       used 34382K, committed 35008K, reserved 1114112K
  class space    used 3438K, committed 3648K, reserved 1048576K
}
Event: 3.451 GC heap before
{Heap before GC invocations=10 (full 1):
 PSYoungGen      total 27648K, used 8985K [0x00000000eab00000, 0x00000000eca80000, 0x0000000100000000)
  eden space 23552K, 22% used [0x00000000eab00000,0x00000000eb042640,0x00000000ec200000)
  from space 4096K, 87% used [0x00000000ec680000,0x00000000eca041b8,0x00000000eca80000)
  to   space 4096K, 0% used [0x00000000ec280000,0x00000000ec280000,0x00000000ec680000)
 ParOldGen       total 68608K, used 9136K [0x00000000c0000000, 0x00000000c4300000, 0x00000000eab00000)
  object space 68608K, 13% used [0x00000000c0000000,0x00000000c08ec100,0x00000000c4300000)
 Metaspace       used 35147K, committed 35840K, reserved 1114112K
  class space    used 3524K, committed 3840K, reserved 1048576K
}
Event: 3.454 GC heap after
{Heap after GC invocations=10 (full 1):
 PSYoungGen      total 26624K, used 2682K [0x00000000eab00000, 0x00000000ec800000, 0x0000000100000000)
  eden space 23552K, 0% used [0x00000000eab00000,0x00000000eab00000,0x00000000ec200000)
  from space 3072K, 87% used [0x00000000ec280000,0x00000000ec51e8d8,0x00000000ec580000)
  to   space 2560K, 0% used [0x00000000ec580000,0x00000000ec580000,0x00000000ec800000)
 ParOldGen       total 68608K, used 10277K [0x00000000c0000000, 0x00000000c4300000, 0x00000000eab00000)
  object space 68608K, 14% used [0x00000000c0000000,0x00000000c0a09730,0x00000000c4300000)
 Metaspace       used 35147K, committed 35840K, reserved 1114112K
  class space    used 3524K, committed 3840K, reserved 1048576K
}
Event: 3.454 GC heap before
{Heap before GC invocations=11 (full 2):
 PSYoungGen      total 26624K, used 2682K [0x00000000eab00000, 0x00000000ec800000, 0x0000000100000000)
  eden space 23552K, 0% used [0x00000000eab00000,0x00000000eab00000,0x00000000ec200000)
  from space 3072K, 87% used [0x00000000ec280000,0x00000000ec51e8d8,0x00000000ec580000)
  to   space 2560K, 0% used [0x00000000ec580000,0x00000000ec580000,0x00000000ec800000)
 ParOldGen       total 68608K, used 10277K [0x00000000c0000000, 0x00000000c4300000, 0x00000000eab00000)
  object space 68608K, 14% used [0x00000000c0000000,0x00000000c0a09730,0x00000000c4300000)
 Metaspace       used 35147K, committed 35840K, reserved 1114112K
  class space    used 3524K, committed 3840K, reserved 1048576K
}
Event: 3.475 GC heap after
{Heap after GC invocations=11 (full 2):
 PSYoungGen      total 26624K, used 0K [0x00000000eab00000, 0x00000000ec800000, 0x0000000100000000)
  eden space 23552K, 0% used [0x00000000eab00000,0x00000000eab00000,0x00000000ec200000)
  from space 3072K, 0% used [0x00000000ec280000,0x00000000ec280000,0x00000000ec580000)
  to   space 2560K, 0% used [0x00000000ec580000,0x00000000ec580000,0x00000000ec800000)
 ParOldGen       total 68608K, used 12574K [0x00000000c0000000, 0x00000000c4300000, 0x00000000eab00000)
  object space 68608K, 18% used [0x00000000c0000000,0x00000000c0c47bf8,0x00000000c4300000)
 Metaspace       used 35147K, committed 35840K, reserved 1114112K
  class space    used 3524K, committed 3840K, reserved 1048576K
}
Event: 4.138 GC heap before
{Heap before GC invocations=12 (full 2):
 PSYoungGen      total 26624K, used 23552K [0x00000000eab00000, 0x00000000ec800000, 0x0000000100000000)
  eden space 23552K, 100% used [0x00000000eab00000,0x00000000ec200000,0x00000000ec200000)
  from space 3072K, 0% used [0x00000000ec280000,0x00000000ec280000,0x00000000ec580000)
  to   space 2560K, 0% used [0x00000000ec580000,0x00000000ec580000,0x00000000ec800000)
 ParOldGen       total 68608K, used 12574K [0x00000000c0000000, 0x00000000c4300000, 0x00000000eab00000)
  object space 68608K, 18% used [0x00000000c0000000,0x00000000c0c47bf8,0x00000000c4300000)
 Metaspace       used 37959K, committed 38592K, reserved 1114112K
  class space    used 3829K, committed 4096K, reserved 1048576K
}
Event: 4.141 GC heap after
{Heap after GC invocations=12 (full 2):
 PSYoungGen      total 25088K, used 1704K [0x00000000eab00000, 0x00000000ec780000, 0x0000000100000000)
  eden space 23040K, 0% used [0x00000000eab00000,0x00000000eab00000,0x00000000ec180000)
  from space 2048K, 83% used [0x00000000ec580000,0x00000000ec72a0d0,0x00000000ec780000)
  to   space 2560K, 0% used [0x00000000ec280000,0x00000000ec280000,0x00000000ec500000)
 ParOldGen       total 68608K, used 12582K [0x00000000c0000000, 0x00000000c4300000, 0x00000000eab00000)
  object space 68608K, 18% used [0x00000000c0000000,0x00000000c0c49bf8,0x00000000c4300000)
 Metaspace       used 37959K, committed 38592K, reserved 1114112K
  class space    used 3829K, committed 4096K, reserved 1048576K
}

Dll operation events (10 events):
Event: 0.008 Loaded shared library c:\Users\user\.vscode\extensions\redhat.java-1.34.0-win32-x64\jre\17.0.12-win32-x86_64\bin\java.dll
Event: 0.149 Loaded shared library c:\Users\user\.vscode\extensions\redhat.java-1.34.0-win32-x64\jre\17.0.12-win32-x86_64\bin\zip.dll
Event: 0.152 Loaded shared library C:\Users\user\.vscode\extensions\redhat.java-1.34.0-win32-x64\jre\17.0.12-win32-x86_64\bin\instrument.dll
Event: 0.175 Loaded shared library C:\Users\user\.vscode\extensions\redhat.java-1.34.0-win32-x64\jre\17.0.12-win32-x86_64\bin\net.dll
Event: 0.179 Loaded shared library C:\Users\user\.vscode\extensions\redhat.java-1.34.0-win32-x64\jre\17.0.12-win32-x86_64\bin\nio.dll
Event: 0.186 Loaded shared library C:\Users\user\.vscode\extensions\redhat.java-1.34.0-win32-x64\jre\17.0.12-win32-x86_64\bin\zip.dll
Event: 0.203 Loaded shared library C:\Users\user\.vscode\extensions\redhat.java-1.34.0-win32-x64\jre\17.0.12-win32-x86_64\bin\jimage.dll
Event: 0.278 Loaded shared library c:\Users\user\.vscode\extensions\redhat.java-1.34.0-win32-x64\jre\17.0.12-win32-x86_64\bin\verify.dll
Event: 1.181 Loaded shared library C:\Users\user\AppData\Roaming\Code\User\globalStorage\redhat.java\1.34.0\config_ss_win\org.eclipse.equinox.launcher\org.eclipse.equinox.launcher.win32.win32.x86_64_1.2.1100.v20240722-2106\eclipse_11904.dll
Event: 2.801 Loaded shared library C:\Users\user\AppData\Local\Temp\jna-3599307\jna12036236188325145721.dll

Deoptimization events (20 events):
Event: 3.518 Thread 0x0000026f894d2d20 DEOPT PACKING pc=0x0000026ff850d214 sp=0x000000fc73afd880
Event: 3.518 Thread 0x0000026f894d2d20 DEOPT UNPACKING pc=0x0000026ff7f99ea3 sp=0x000000fc73afd750 mode 2
Event: 3.869 Thread 0x0000026f894d2d20 DEOPT PACKING pc=0x0000026ff0f3ab1e sp=0x000000fc73afc690
Event: 3.869 Thread 0x0000026f894d2d20 DEOPT UNPACKING pc=0x0000026ff7f9a9e3 sp=0x000000fc73afbb88 mode 0
Event: 3.870 Thread 0x0000026f894d2d20 DEOPT PACKING pc=0x0000026ff0f3ab1e sp=0x000000fc73afc690
Event: 3.870 Thread 0x0000026f894d2d20 DEOPT UNPACKING pc=0x0000026ff7f9a9e3 sp=0x000000fc73afbb88 mode 0
Event: 3.870 Thread 0x0000026f894d2d20 DEOPT PACKING pc=0x0000026ff0f3ab1e sp=0x000000fc73afc690
Event: 3.870 Thread 0x0000026f894d2d20 DEOPT UNPACKING pc=0x0000026ff7f9a9e3 sp=0x000000fc73afbb88 mode 0
Event: 4.115 Thread 0x0000026f894d2d20 Uncommon trap: trap_request=0xffffff45 fr.pc=0x0000026ff8671f0c relative=0x000000000000016c
Event: 4.115 Thread 0x0000026f894d2d20 Uncommon trap: reason=unstable_if action=reinterpret pc=0x0000026ff8671f0c method=jdk.internal.jrtfs.JrtPath.normalize(Ljava/lang/String;)Ljava/lang/String; @ 78 c2
Event: 4.115 Thread 0x0000026f894d2d20 DEOPT PACKING pc=0x0000026ff8671f0c sp=0x000000fc73afc9a0
Event: 4.115 Thread 0x0000026f894d2d20 DEOPT UNPACKING pc=0x0000026ff7f99ea3 sp=0x000000fc73afc920 mode 2
Event: 4.166 Thread 0x0000026f894d2d20 Uncommon trap: trap_request=0xffffffec fr.pc=0x0000026ff8649b04 relative=0x00000000000001c4
Event: 4.166 Thread 0x0000026f894d2d20 Uncommon trap: reason=null_assert_or_unreached0 action=make_not_entrant pc=0x0000026ff8649b04 method=java.util.concurrent.locks.ReentrantReadWriteLock$Sync.tryAcquireShared(I)I @ 129 c2
Event: 4.166 Thread 0x0000026f894d2d20 DEOPT PACKING pc=0x0000026ff8649b04 sp=0x000000fc73afbad0
Event: 4.166 Thread 0x0000026f88b559c0 Uncommon trap: trap_request=0xffffffec fr.pc=0x0000026ff8649b04 relative=0x00000000000001c4
Event: 4.166 Thread 0x0000026f88b559c0 Uncommon trap: reason=null_assert_or_unreached0 action=make_not_entrant pc=0x0000026ff8649b04 method=java.util.concurrent.locks.ReentrantReadWriteLock$Sync.tryAcquireShared(I)I @ 129 c2
Event: 4.166 Thread 0x0000026f894d2d20 DEOPT UNPACKING pc=0x0000026ff7f99ea3 sp=0x000000fc73afb9f0 mode 2
Event: 4.166 Thread 0x0000026f88b559c0 DEOPT PACKING pc=0x0000026ff8649b04 sp=0x000000fc72bfc790
Event: 4.166 Thread 0x0000026f88b559c0 DEOPT UNPACKING pc=0x0000026ff7f99ea3 sp=0x000000fc72bfc6b0 mode 2

Classes loaded (20 events):
Event: 4.021 Loading class java/util/RegularEnumSet$EnumSetIterator
Event: 4.021 Loading class java/util/RegularEnumSet$EnumSetIterator done
Event: 4.025 Loading class java/nio/ByteBufferAsIntBufferL
Event: 4.026 Loading class java/nio/ByteBufferAsIntBufferL done
Event: 4.028 Loading class jdk/internal/jimage/ImageReader$Directory
Event: 4.028 Loading class jdk/internal/jimage/ImageReader$Directory done
Event: 4.068 Loading class java/nio/file/FileTreeWalker$DirectoryNode
Event: 4.068 Loading class java/nio/file/FileTreeWalker$DirectoryNode done
Event: 4.068 Loading class java/nio/file/FileTreeWalker$Event
Event: 4.068 Loading class java/nio/file/FileTreeWalker$Event done
Event: 4.068 Loading class java/nio/file/FileTreeWalker$EventType
Event: 4.068 Loading class java/nio/file/FileTreeWalker$EventType done
Event: 4.068 Loading class java/nio/file/Files$3
Event: 4.068 Loading class java/nio/file/Files$3 done
Event: 4.069 Loading class java/nio/file/FileVisitResult
Event: 4.069 Loading class java/nio/file/FileVisitResult done
Event: 4.116 Loading class java/util/regex/Pattern$BackRef
Event: 4.116 Loading class java/util/regex/Pattern$BackRef done
Event: 4.166 Loading class java/util/concurrent/locks/ReentrantReadWriteLock$Sync$HoldCounter
Event: 4.166 Loading class java/util/concurrent/locks/ReentrantReadWriteLock$Sync$HoldCounter done

Classes unloaded (7 events):
Event: 1.828 Thread 0x0000026fffc08e20 Unloading class 0x000000010021b400 'java/lang/invoke/LambdaForm$MH+0x000000010021b400'
Event: 1.828 Thread 0x0000026fffc08e20 Unloading class 0x000000010021b000 'java/lang/invoke/LambdaForm$MH+0x000000010021b000'
Event: 1.828 Thread 0x0000026fffc08e20 Unloading class 0x000000010021ac00 'java/lang/invoke/LambdaForm$MH+0x000000010021ac00'
Event: 1.828 Thread 0x0000026fffc08e20 Unloading class 0x000000010021a800 'java/lang/invoke/LambdaForm$MH+0x000000010021a800'
Event: 1.828 Thread 0x0000026fffc08e20 Unloading class 0x000000010021a400 'java/lang/invoke/LambdaForm$BMH+0x000000010021a400'
Event: 1.828 Thread 0x0000026fffc08e20 Unloading class 0x000000010021a000 'java/lang/invoke/LambdaForm$DMH+0x000000010021a000'
Event: 1.828 Thread 0x0000026fffc08e20 Unloading class 0x0000000100214400 'java/lang/invoke/LambdaForm$DMH+0x0000000100214400'

Classes redefined (0 events):
No events

Internal exceptions (20 events):
Event: 3.796 Thread 0x0000026f894d2d20 Exception <a 'java/io/FileNotFoundException'{0x00000000eb3f8348}> (0x00000000eb3f8348) 
thrown [s\src\hotspot\share\prims\jni.cpp, line 516]
Event: 3.796 Thread 0x0000026f894d2d20 Exception <a 'java/io/FileNotFoundException'{0x00000000eb3f95e0}> (0x00000000eb3f95e0) 
thrown [s\src\hotspot\share\prims\jni.cpp, line 516]
Event: 3.796 Thread 0x0000026f894d2d20 Exception <a 'java/io/FileNotFoundException'{0x00000000eb3fa5e8}> (0x00000000eb3fa5e8) 
thrown [s\src\hotspot\share\prims\jni.cpp, line 516]
Event: 3.828 Thread 0x0000026f894d2d20 Exception <a 'sun/nio/fs/WindowsException'{0x00000000eb425ad8}> (0x00000000eb425ad8) 
thrown [s\src\hotspot\share\prims\jni.cpp, line 516]
Event: 3.840 Thread 0x0000026f894d2d20 Exception <a 'sun/nio/fs/WindowsException'{0x00000000eb4462c8}> (0x00000000eb4462c8) 
thrown [s\src\hotspot\share\prims\jni.cpp, line 516]
Event: 3.863 Thread 0x0000026f894d2d20 Exception <a 'java/lang/ClassNotFoundException'{0x00000000eb4b4c60}: com/sun/org/apache/xerces/internal/impl/msg/spi/DOMMessagesProvider> (0x00000000eb4b4c60) 
thrown [s\src\hotspot\share\classfile\systemDictionary.cpp, line 256]
Event: 3.865 Thread 0x0000026f894d2d20 Exception <a 'java/lang/ClassNotFoundException'{0x00000000eb4c65e8}: com/sun/org/apache/xerces/internal/impl/msg/spi/XMLSerializerMessagesProvider> (0x00000000eb4c65e8) 
thrown [s\src\hotspot\share\classfile\systemDictionary.cpp, line 256]
Event: 3.867 Thread 0x0000026f894d2d20 Exception <a 'java/lang/ClassNotFoundException'{0x00000000eb4d38c0}: com/sun/org/apache/xerces/internal/impl/msg/spi/XMLMessagesProvider> (0x00000000eb4d38c0) 
thrown [s\src\hotspot\share\classfile\systemDictionary.cpp, line 256]
Event: 3.895 Thread 0x0000026f894d2d20 Exception <a 'java/io/FileNotFoundException'{0x00000000eb57e0c0}> (0x00000000eb57e0c0) 
thrown [s\src\hotspot\share\prims\jni.cpp, line 516]
Event: 3.897 Thread 0x0000026f894d2d20 Exception <a 'java/lang/NoSuchMethodError'{0x00000000eb58cd00}: 'java.lang.Object java.lang.invoke.DirectMethodHandle$Holder.newInvokeSpecial(java.lang.Object, java.lang.Object, java.lang.Object, int)'> (0x00000000eb58cd00) 
thrown [s\src\hotspot\share\interpreter\linkResolver.cpp, line 759]
Event: 3.898 Thread 0x0000026f894d2d20 Exception <a 'java/lang/NoSuchMethodError'{0x00000000eb590e08}: 'java.lang.Object java.lang.invoke.DirectMethodHandle$Holder.invokeSpecial(java.lang.Object, java.lang.Object, java.lang.Object, java.lang.Object, int)'> (0x00000000eb590e08) 
thrown [s\src\hotspot\share\interpreter\linkResolver.cpp, line 759]
Event: 3.898 Thread 0x0000026f894d2d20 Exception <a 'java/lang/NoSuchMethodError'{0x00000000eb594778}: 'java.lang.Object java.lang.invoke.Invokers$Holder.linkToTargetMethod(java.lang.Object, java.lang.Object, int, java.lang.Object)'> (0x00000000eb594778) 
thrown [s\src\hotspot\share\interpreter\linkResolver.cpp, line 759]
Event: 3.903 Thread 0x0000026f894d2d20 Exception <a 'java/lang/NoSuchMethodError'{0x00000000eb59f2c0}: 'void java.lang.invoke.DirectMethodHandle$Holder.invokeStaticInit(java.lang.Object, java.lang.Object, java.lang.Object)'> (0x00000000eb59f2c0) 
thrown [s\src\hotspot\share\interpreter\linkResolver.cpp, line 759]
Event: 4.004 Thread 0x0000026f894d2d20 Exception <a 'java/lang/NoSuchMethodError'{0x00000000eb84a920}: 'java.lang.Object java.lang.invoke.Invokers$Holder.invoke_MT(java.lang.Object, java.lang.Object, java.lang.Object)'> (0x00000000eb84a920) 
thrown [s\src\hotspot\share\interpreter\linkResolver.cpp, line 759]
Event: 4.029 Thread 0x0000026f88b559c0 Exception <a 'java/lang/NoSuchMethodError'{0x00000000eb966ce0}: 'int java.lang.invoke.DirectMethodHandle$Holder.invokeStatic(java.lang.Object)'> (0x00000000eb966ce0) 
thrown [s\src\hotspot\share\interpreter\linkResolver.cpp, line 759]
Event: 4.047 Thread 0x0000026f88b559c0 Exception <a 'java/io/FileNotFoundException'{0x00000000eba7fb20}> (0x00000000eba7fb20) 
thrown [s\src\hotspot\share\prims\jni.cpp, line 516]
Event: 4.047 Thread 0x0000026f88b559c0 Exception <a 'java/io/FileNotFoundException'{0x00000000eba80b08}> (0x00000000eba80b08) 
thrown [s\src\hotspot\share\prims\jni.cpp, line 516]
Event: 4.048 Thread 0x0000026f88b559c0 Exception <a 'java/io/FileNotFoundException'{0x00000000eba99cd8}> (0x00000000eba99cd8) 
thrown [s\src\hotspot\share\prims\jni.cpp, line 516]
Event: 4.048 Thread 0x0000026f88b559c0 Exception <a 'java/io/FileNotFoundException'{0x00000000eba9af70}> (0x00000000eba9af70) 
thrown [s\src\hotspot\share\prims\jni.cpp, line 516]
Event: 4.048 Thread 0x0000026f88b559c0 Exception <a 'java/io/FileNotFoundException'{0x00000000eba9bf78}> (0x00000000eba9bf78) 
thrown [s\src\hotspot\share\prims\jni.cpp, line 516]

VM Operations (20 events):
Event: 2.863 Executing VM operation: HandshakeAllThreads
Event: 2.863 Executing VM operation: HandshakeAllThreads done
Event: 3.122 Executing VM operation: HandshakeAllThreads
Event: 3.122 Executing VM operation: HandshakeAllThreads done
Event: 3.136 Executing VM operation: ParallelGCFailedAllocation
Event: 3.139 Executing VM operation: ParallelGCFailedAllocation done
Event: 3.451 Executing VM operation: CollectForMetadataAllocation
Event: 3.475 Executing VM operation: CollectForMetadataAllocation done
Event: 3.971 Executing VM operation: HandshakeAllThreads
Event: 3.971 Executing VM operation: HandshakeAllThreads done
Event: 4.013 Executing VM operation: HandshakeAllThreads
Event: 4.013 Executing VM operation: HandshakeAllThreads done
Event: 4.026 Executing VM operation: HandshakeAllThreads
Event: 4.027 Executing VM operation: HandshakeAllThreads done
Event: 4.027 Executing VM operation: HandshakeAllThreads
Event: 4.027 Executing VM operation: HandshakeAllThreads done
Event: 4.075 Executing VM operation: HandshakeAllThreads
Event: 4.075 Executing VM operation: HandshakeAllThreads done
Event: 4.138 Executing VM operation: ParallelGCFailedAllocation
Event: 4.142 Executing VM operation: ParallelGCFailedAllocation done

Events (20 events):
Event: 1.798 Thread 0x0000026f88b559c0 Thread added: 0x0000026f88b559c0
Event: 1.929 Thread 0x0000026f88bf3a60 Thread added: 0x0000026f88bf3a60
Event: 2.361 Thread 0x0000026f88b563e0 Thread added: 0x0000026f88b563e0
Event: 2.489 Thread 0x0000026f88b563e0 Thread exited: 0x0000026f88b563e0
Event: 2.820 Thread 0x0000026f88b568f0 Thread added: 0x0000026f88b568f0
Event: 2.888 Thread 0x0000026f88b56e00 Thread added: 0x0000026f88b56e00
Event: 2.888 Thread 0x0000026f88b54070 Thread added: 0x0000026f88b54070
Event: 2.888 Thread 0x0000026f88b57310 Thread added: 0x0000026f88b57310
Event: 2.888 Thread 0x0000026f88b554b0 Thread added: 0x0000026f88b554b0
Event: 2.888 Thread 0x0000026f88b54580 Thread added: 0x0000026f88b54580
Event: 2.888 Thread 0x0000026f88b57820 Thread added: 0x0000026f88b57820
Event: 2.888 Thread 0x0000026f88b54a90 Thread added: 0x0000026f88b54a90
Event: 2.888 Thread 0x0000026f894d69e0 Thread added: 0x0000026f894d69e0
Event: 2.889 Thread 0x0000026f894d3c50 Thread added: 0x0000026f894d3c50
Event: 2.905 Thread 0x0000026f894d5ab0 Thread added: 0x0000026f894d5ab0
Event: 3.009 Thread 0x0000026f894d4b80 Thread added: 0x0000026f894d4b80
Event: 3.048 Thread 0x0000026f894d7910 Thread added: 0x0000026f894d7910
Event: 3.048 Thread 0x0000026f894d2d20 Thread added: 0x0000026f894d2d20
Event: 3.440 Thread 0x0000026f88bf3a60 Thread exited: 0x0000026f88bf3a60
Event: 3.895 Thread 0x0000026f89d944e0 Thread added: 0x0000026f89d944e0


Dynamic libraries:
0x00007ff7b6b50000 - 0x00007ff7b6b5e000 	c:\Users\user\.vscode\extensions\redhat.java-1.34.0-win32-x64\jre\17.0.12-win32-x86_64\bin\java.exe
0x00007ffe49b30000 - 0x00007ffe49d47000 	C:\WINDOWS\SYSTEM32\ntdll.dll
0x00007ffe48e00000 - 0x00007ffe48ec4000 	C:\WINDOWS\System32\KERNEL32.DLL
0x00007ffe46e50000 - 0x00007ffe471fd000 	C:\WINDOWS\System32\KERNELBASE.dll
0x00007ffe473a0000 - 0x00007ffe474b1000 	C:\WINDOWS\System32\ucrtbase.dll
0x00007ffe26350000 - 0x00007ffe2636b000 	c:\Users\user\.vscode\extensions\redhat.java-1.34.0-win32-x64\jre\17.0.12-win32-x86_64\bin\VCRUNTIME140.dll
0x00007ffe26bb0000 - 0x00007ffe26bc7000 	c:\Users\user\.vscode\extensions\redhat.java-1.34.0-win32-x64\jre\17.0.12-win32-x86_64\bin\jli.dll
0x00007ffe48170000 - 0x00007ffe4831e000 	C:\WINDOWS\System32\USER32.dll
0x00007ffe47530000 - 0x00007ffe47556000 	C:\WINDOWS\System32\win32u.dll
0x00007ffe23cd0000 - 0x00007ffe23f63000 	C:\WINDOWS\WinSxS\amd64_microsoft.windows.common-controls_6595b64144ccf1df_6.0.22621.3672_none_2713b9d173822955\COMCTL32.dll
0x00007ffe493c0000 - 0x00007ffe493e9000 	C:\WINDOWS\System32\GDI32.dll
0x00007ffe49090000 - 0x00007ffe49137000 	C:\WINDOWS\System32\msvcrt.dll
0x00007ffe47200000 - 0x00007ffe47319000 	C:\WINDOWS\System32\gdi32full.dll
0x00007ffe476d0000 - 0x00007ffe4776a000 	C:\WINDOWS\System32\msvcp_win.dll
0x00007ffe48130000 - 0x00007ffe48161000 	C:\WINDOWS\System32\IMM32.DLL
0x00007ffe36b70000 - 0x00007ffe36b7c000 	c:\Users\user\.vscode\extensions\redhat.java-1.34.0-win32-x64\jre\17.0.12-win32-x86_64\bin\vcruntime140_1.dll
0x00007ffdf35a0000 - 0x00007ffdf362d000 	c:\Users\user\.vscode\extensions\redhat.java-1.34.0-win32-x64\jre\17.0.12-win32-x86_64\bin\msvcp140.dll
0x00007ffdc03c0000 - 0x00007ffdc102a000 	c:\Users\user\.vscode\extensions\redhat.java-1.34.0-win32-x64\jre\17.0.12-win32-x86_64\bin\server\jvm.dll
0x00007ffe49170000 - 0x00007ffe49222000 	C:\WINDOWS\System32\ADVAPI32.dll
0x00007ffe47910000 - 0x00007ffe479b9000 	C:\WINDOWS\System32\sechost.dll
0x00007ffe47830000 - 0x00007ffe47858000 	C:\WINDOWS\System32\bcrypt.dll
0x00007ffe47d50000 - 0x00007ffe47e64000 	C:\WINDOWS\System32\RPCRT4.dll
0x00007ffe49230000 - 0x00007ffe492a1000 	C:\WINDOWS\System32\WS2_32.dll
0x00007ffe46d20000 - 0x00007ffe46d6d000 	C:\WINDOWS\SYSTEM32\POWRPROF.dll
0x00007ffe3e920000 - 0x00007ffe3e92a000 	C:\WINDOWS\SYSTEM32\VERSION.dll
0x00007ffe3e540000 - 0x00007ffe3e574000 	C:\WINDOWS\SYSTEM32\WINMM.dll
0x00007ffe46d00000 - 0x00007ffe46d13000 	C:\WINDOWS\SYSTEM32\UMPDC.dll
0x00007ffe45ea0000 - 0x00007ffe45eb8000 	C:\WINDOWS\SYSTEM32\kernel.appcore.dll
0x00007ffe36ab0000 - 0x00007ffe36aba000 	c:\Users\user\.vscode\extensions\redhat.java-1.34.0-win32-x64\jre\17.0.12-win32-x86_64\bin\jimage.dll
0x00007ffe44610000 - 0x00007ffe44842000 	C:\WINDOWS\SYSTEM32\DBGHELP.DLL
0x00007ffe479c0000 - 0x00007ffe47d4e000 	C:\WINDOWS\System32\combase.dll
0x00007ffe47fa0000 - 0x00007ffe48077000 	C:\WINDOWS\System32\OLEAUT32.dll
0x00007ffe1a290000 - 0x00007ffe1a2c2000 	C:\WINDOWS\SYSTEM32\dbgcore.DLL
0x00007ffe47320000 - 0x00007ffe4739b000 	C:\WINDOWS\System32\bcryptPrimitives.dll
0x00007ffe36a00000 - 0x00007ffe36a0e000 	c:\Users\user\.vscode\extensions\redhat.java-1.34.0-win32-x64\jre\17.0.12-win32-x86_64\bin\instrument.dll
0x00007ffdf2a20000 - 0x00007ffdf2a45000 	c:\Users\user\.vscode\extensions\redhat.java-1.34.0-win32-x64\jre\17.0.12-win32-x86_64\bin\java.dll
0x00007ffe10620000 - 0x00007ffe10638000 	c:\Users\user\.vscode\extensions\redhat.java-1.34.0-win32-x64\jre\17.0.12-win32-x86_64\bin\zip.dll
0x00007ffe48530000 - 0x00007ffe48d97000 	C:\WINDOWS\System32\SHELL32.dll
0x00007ffe44dd0000 - 0x00007ffe456cf000 	C:\WINDOWS\SYSTEM32\windows.storage.dll
0x00007ffe44c90000 - 0x00007ffe44dcf000 	C:\WINDOWS\SYSTEM32\wintypes.dll
0x00007ffe47ea0000 - 0x00007ffe47f99000 	C:\WINDOWS\System32\SHCORE.dll
0x00007ffe484d0000 - 0x00007ffe4852e000 	C:\WINDOWS\System32\shlwapi.dll
0x00007ffe46d80000 - 0x00007ffe46da7000 	C:\WINDOWS\SYSTEM32\profapi.dll
0x00007ffdf2a00000 - 0x00007ffdf2a19000 	C:\Users\user\.vscode\extensions\redhat.java-1.34.0-win32-x64\jre\17.0.12-win32-x86_64\bin\net.dll
0x00007ffe3f9e0000 - 0x00007ffe3fb16000 	C:\WINDOWS\SYSTEM32\WINHTTP.dll
0x00007ffe46310000 - 0x00007ffe46379000 	C:\WINDOWS\system32\mswsock.dll
0x00007ffdf29e0000 - 0x00007ffdf29f6000 	C:\Users\user\.vscode\extensions\redhat.java-1.34.0-win32-x64\jre\17.0.12-win32-x86_64\bin\nio.dll
0x00007ffe33cd0000 - 0x00007ffe33ce0000 	c:\Users\user\.vscode\extensions\redhat.java-1.34.0-win32-x64\jre\17.0.12-win32-x86_64\bin\verify.dll
0x00007ffe0b280000 - 0x00007ffe0b2c5000 	C:\Users\user\AppData\Roaming\Code\User\globalStorage\redhat.java\1.34.0\config_ss_win\org.eclipse.equinox.launcher\org.eclipse.equinox.launcher.win32.win32.x86_64_1.2.1100.v20240722-2106\eclipse_11904.dll
0x00007ffe48320000 - 0x00007ffe484c5000 	C:\WINDOWS\System32\ole32.dll
0x00007ffe46570000 - 0x00007ffe4658b000 	C:\WINDOWS\SYSTEM32\CRYPTSP.dll
0x00007ffe45e00000 - 0x00007ffe45e35000 	C:\WINDOWS\system32\rsaenh.dll
0x00007ffe46400000 - 0x00007ffe46428000 	C:\WINDOWS\SYSTEM32\USERENV.dll
0x00007ffe46560000 - 0x00007ffe4656c000 	C:\WINDOWS\SYSTEM32\CRYPTBASE.dll
0x00007ffe45930000 - 0x00007ffe4595d000 	C:\WINDOWS\SYSTEM32\IPHLPAPI.DLL
0x00007ffe47e70000 - 0x00007ffe47e79000 	C:\WINDOWS\System32\NSI.dll
0x00007ffe3fb40000 - 0x00007ffe3fb59000 	C:\WINDOWS\SYSTEM32\dhcpcsvc6.DLL
0x00007ffe3fb20000 - 0x00007ffe3fb3f000 	C:\WINDOWS\SYSTEM32\dhcpcsvc.DLL
0x00007ffe459a0000 - 0x00007ffe45a98000 	C:\WINDOWS\SYSTEM32\DNSAPI.dll
0x00007ffe025b0000 - 0x00007ffe025f5000 	C:\Users\user\AppData\Local\Temp\jna-3599307\jna12036236188325145721.dll
0x00007ffe47e80000 - 0x00007ffe47e88000 	C:\WINDOWS\System32\PSAPI.DLL

dbghelp: loaded successfully - version: 4.0.5 - missing functions: none
symbol engine: initialized successfully - sym options: 0x614 - pdb path: .;c:\Users\user\.vscode\extensions\redhat.java-1.34.0-win32-x64\jre\17.0.12-win32-x86_64\bin;C:\WINDOWS\SYSTEM32;C:\WINDOWS\WinSxS\amd64_microsoft.windows.common-controls_6595b64144ccf1df_6.0.22621.3672_none_2713b9d173822955;c:\Users\user\.vscode\extensions\redhat.java-1.34.0-win32-x64\jre\17.0.12-win32-x86_64\bin\server;C:\Users\user\AppData\Roaming\Code\User\globalStorage\redhat.java\1.34.0\config_ss_win\org.eclipse.equinox.launcher\org.eclipse.equinox.launcher.win32.win32.x86_64_1.2.1100.v20240722-2106;C:\Users\user\AppData\Local\Temp\jna-3599307

VM Arguments:
jvm_args: --add-modules=ALL-SYSTEM --add-opens=java.base/java.util=ALL-UNNAMED --add-opens=java.base/java.lang=ALL-UNNAMED --add-opens=java.base/sun.nio.fs=ALL-UNNAMED -Declipse.application=org.eclipse.jdt.ls.core.id1 -Dosgi.bundles.defaultStartLevel=4 -Declipse.product=org.eclipse.jdt.ls.core.product -Djava.import.generatesMetadataFilesAtProjectRoot=false -DDetectVMInstallationsJob.disabled=true -Dfile.encoding=utf8 -XX:+UseParallelGC -XX:GCTimeRatio=4 -XX:AdaptiveSizePolicyWeight=90 -Dsun.zip.disableMemoryMapping=true -Xmx1G -Xms100m -Xlog:disable -javaagent:c:\Users\user\.vscode\extensions\redhat.java-1.34.0-win32-x64\lombok\lombok-1.18.33.jar 
java_command: c:\Users\user\.vscode\extensions\redhat.java-1.34.0-win32-x64\server\plugins\org.eclipse.equinox.launcher_1.6.900.v20240613-2009.jar -configuration c:\Users\user\AppData\Roaming\Code\User\globalStorage\redhat.java\1.34.0\config_ss_win -data c:\Users\user\AppData\Roaming\Code\User\workspaceStorage\d93861b91299025a167e8984eb3b24b5\redhat.java\ss_ws --pipe=\\.\pipe\lsp-21f3822a68770a58c2d05211d2818154-sock
java_class_path (initial): c:\Users\user\.vscode\extensions\redhat.java-1.34.0-win32-x64\server\plugins\org.eclipse.equinox.launcher_1.6.900.v20240613-2009.jar
Launcher Type: SUN_STANDARD

[Global flags]
    uintx AdaptiveSizePolicyWeight                 = 90                                        {product} {command line}
     intx CICompilerCount                          = 4                                         {product} {ergonomic}
    uintx GCTimeRatio                              = 4                                         {product} {command line}
   size_t InitialHeapSize                          = 104857600                                 {product} {command line}
   size_t MaxHeapSize                              = 1073741824                                {product} {command line}
   size_t MaxNewSize                               = 357564416                                 {product} {ergonomic}
   size_t MinHeapDeltaBytes                        = 524288                                    {product} {ergonomic}
   size_t MinHeapSize                              = 104857600                                 {product} {command line}
   size_t NewSize                                  = 34603008                                  {product} {ergonomic}
    uintx NonNMethodCodeHeapSize                   = 5839372                                {pd product} {ergonomic}
    uintx NonProfiledCodeHeapSize                  = 122909434                              {pd product} {ergonomic}
   size_t OldSize                                  = 70254592                                  {product} {ergonomic}
    uintx ProfiledCodeHeapSize                     = 122909434                              {pd product} {ergonomic}
    uintx ReservedCodeCacheSize                    = 251658240                              {pd product} {ergonomic}
     bool SegmentedCodeCache                       = true                                      {product} {ergonomic}
   size_t SoftMaxHeapSize                          = 1073741824                             {manageable} {ergonomic}
     bool UseCompressedClassPointers               = true                           {product lp64_product} {ergonomic}
     bool UseCompressedOops                        = true                           {product lp64_product} {ergonomic}
     bool UseLargePagesIndividualAllocation        = false                                  {pd product} {ergonomic}
     bool UseParallelGC                            = true                                      {product} {command line}

Logging:
Log output configuration:
 #0: stdout all=off uptime,level,tags
 #1: stderr all=off uptime,level,tags

Environment Variables:
JAVA_HOME=C:\Program Files\OpenLogic\jdk-21.0.4.7-hotspot
PATH=C:\Program Files\OpenLogic\jdk-21.0.4.7-hotspot\bin;C:\ProgramData\Oracle\Java\javapath;C:\WINDOWS\system32;C:\WINDOWS;C:\WINDOWS\System32\Wbem;C:\WINDOWS\System32\WindowsPowerShell\v1.0\;C:\WINDOWS\System32\OpenSSH\;C:\Program Files\Git\cmd;C:\Program Files\nodejs\;C:\Program Files\Microsoft SQL Server\150\Tools\Binn\;C:\Program Files\Microsoft SQL Server\Client SDK\ODBC\170\Tools\Binn\;C:\Program Files\dotnet\;C:\Users\user\AppData\Local\Pub\Cache\bin;C:\Program Files\MySQL\MySQL Shell 8.0\bin\;C:\Users\user\AppData\Local\Programs\Python\Python311\Scripts\;C:\Users\user\AppData\Local\Programs\Python\Python311\;C:\Users\user\AppData\Local\Microsoft\WindowsApps;C:\Users\user\AppData\Local\Programs\Microsoft VS Code\bin;C:\Program Files\CodeBlocks\MinGW\bin;C:\Users\user\AppData\Roaming\npm;C:\flutter\bin;C:\Users\user\.dotnet\tools;C:\Users\user\AppData\Local\Pub\Cache\bin;C:\Program Files\OpenLogic\jdk-21.0.4.7-hotspot;
USERNAME=user
OS=Windows_NT
PROCESSOR_IDENTIFIER=Intel64 Family 6 Model 140 Stepping 1, GenuineIntel
TMP=C:\Users\user\AppData\Local\Temp
TEMP=C:\Users\user\AppData\Local\Temp



Periodic native trim disabled


---------------  S Y S T E M  ---------------

OS:
 Windows 11 , 64 bit Build 22621 (10.0.22621.3958)
OS uptime: 9 days 1:36 hours

CPU: total 8 (initial active 8) (4 cores per cpu, 2 threads per core) family 6 model 140 stepping 1 microcode 0xb4, cx8, cmov, fxsr, ht, mmx, 3dnowpref, sse, sse2, sse3, ssse3, sse4.1, sse4.2, popcnt, lzcnt, tsc, tscinvbit, avx, avx2, aes, erms, clmul, bmi1, bmi2, adx, avx512f, avx512dq, avx512cd, avx512bw, avx512vl, sha, fma, vzeroupper, avx512_vpopcntdq, avx512_vpclmulqdq, avx512_vaes, avx512_vnni, clflush, clflushopt, clwb, avx512_vbmi2, avx512_vbmi
Processor Information for processor 0
  Max Mhz: 2419, Current Mhz: 1209, Mhz Limit: 2419
Processor Information for processor 1
  Max Mhz: 2419, Current Mhz: 1209, Mhz Limit: 2419
Processor Information for processor 2
  Max Mhz: 2419, Current Mhz: 2419, Mhz Limit: 2419
Processor Information for processor 3
  Max Mhz: 2419, Current Mhz: 2419, Mhz Limit: 2419
Processor Information for processor 4
  Max Mhz: 2419, Current Mhz: 1209, Mhz Limit: 2419
Processor Information for processor 5
  Max Mhz: 2419, Current Mhz: 2419, Mhz Limit: 2419
Processor Information for processor 6
  Max Mhz: 2419, Current Mhz: 2419, Mhz Limit: 2419
Processor Information for processor 7
  Max Mhz: 2419, Current Mhz: 2419, Mhz Limit: 2419

Memory: 4k page, system-wide physical 7914M (557M free)
TotalPageFile size 11754M (AvailPageFile size 0M)
current process WorkingSet (physical memory assigned to process): 168M, peak: 168M
current process commit charge ("private bytes"): 265M, peak: 266M

vm_info: OpenJDK 64-Bit Server VM (17.0.12+7) for windows-amd64 JRE (17.0.12+7), built on Jul 16 2024 22:08:24 by "admin" with MS VC++ 16.10 / 16.11 (VS2019)

END.
